{"C:\\Users\\dimon\\OneDrive\\learning\\VueJs\\VueJs-homework-2\\VueJs-homework-2\\.eslintrc.js": {"path":"C:\\Users\\dimon\\OneDrive\\learning\\VueJs\\VueJs-homework-2\\VueJs-homework-2\\.eslintrc.js","statementMap":{"0":{"start":{"line":1,"column":0},"end":{"line":17,"column":1}}},"fnMap":{},"branchMap":{"0":{"loc":{"start":{"line":14,"column":18},"end":{"line":14,"column":72}},"type":"cond-expr","locations":[{"start":{"line":14,"column":58},"end":{"line":14,"column":64}},{"start":{"line":14,"column":67},"end":{"line":14,"column":72}}],"line":14},"1":{"loc":{"start":{"line":15,"column":19},"end":{"line":15,"column":73}},"type":"cond-expr","locations":[{"start":{"line":15,"column":59},"end":{"line":15,"column":65}},{"start":{"line":15,"column":68},"end":{"line":15,"column":73}}],"line":15}},"s":{"0":0},"f":{},"b":{"0":[0,0],"1":[0,0]}}
,"C:\\Users\\dimon\\OneDrive\\learning\\VueJs\\VueJs-homework-2\\VueJs-homework-2\\babel.config.js": {"path":"C:\\Users\\dimon\\OneDrive\\learning\\VueJs\\VueJs-homework-2\\VueJs-homework-2\\babel.config.js","statementMap":{"0":{"start":{"line":1,"column":0},"end":{"line":5,"column":1}}},"fnMap":{},"branchMap":{},"s":{"0":0},"f":{},"b":{}}
,"C:\\Users\\dimon\\OneDrive\\learning\\VueJs\\VueJs-homework-2\\VueJs-homework-2\\src\\App.vue": {"path":"C:\\Users\\dimon\\OneDrive\\learning\\VueJs\\VueJs-homework-2\\VueJs-homework-2\\src\\App.vue","statementMap":{"0":{"start":{"line":13,"column":0},"end":{"line":13,"column":null}},"1":{"start":{"line":14,"column":0},"end":{"line":14,"column":null}}},"fnMap":{},"branchMap":{},"s":{"0":0,"1":0},"f":{},"b":{}}
,"C:\\Users\\dimon\\OneDrive\\learning\\VueJs\\VueJs-homework-2\\VueJs-homework-2\\src\\main.js": {"path":"C:\\Users\\dimon\\OneDrive\\learning\\VueJs\\VueJs-homework-2\\VueJs-homework-2\\src\\main.js","statementMap":{"0":{"start":{"line":4,"column":0},"end":{"line":4,"column":32}},"1":{"start":{"line":6,"column":0},"end":{"line":8,"column":17}},"2":{"start":{"line":7,"column":15},"end":{"line":7,"column":21}}},"fnMap":{"0":{"name":"(anonymous_0)","decl":{"start":{"line":7,"column":10},"end":{"line":7,"column":11}},"loc":{"start":{"line":7,"column":15},"end":{"line":7,"column":21}},"line":7}},"branchMap":{},"s":{"0":0,"1":0,"2":0},"f":{"0":0},"b":{}}
,"C:\\Users\\dimon\\OneDrive\\learning\\VueJs\\VueJs-homework-2\\VueJs-homework-2\\src\\components\\Calculator.vue": {"path":"C:\\Users\\dimon\\OneDrive\\learning\\VueJs\\VueJs-homework-2\\VueJs-homework-2\\src\\components\\Calculator.vue","statementMap":{"0":{"start":{"line":61,"column":0},"end":{"line":61,"column":null}},"1":{"start":{"line":76,"column":0},"end":{"line":76,"column":null}},"2":{"start":{"line":77,"column":0},"end":{"line":77,"column":null}},"3":{"start":{"line":79,"column":0},"end":{"line":79,"column":null}},"4":{"start":{"line":80,"column":0},"end":{"line":80,"column":null}},"5":{"start":{"line":82,"column":0},"end":{"line":82,"column":null}},"6":{"start":{"line":83,"column":0},"end":{"line":83,"column":null}},"7":{"start":{"line":85,"column":0},"end":{"line":85,"column":null}},"8":{"start":{"line":86,"column":0},"end":{"line":86,"column":null}},"9":{"start":{"line":88,"column":0},"end":{"line":88,"column":null}},"10":{"start":{"line":89,"column":0},"end":{"line":89,"column":null}},"11":{"start":{"line":91,"column":0},"end":{"line":91,"column":null}},"12":{"start":{"line":92,"column":0},"end":{"line":92,"column":null}},"13":{"start":{"line":94,"column":0},"end":{"line":94,"column":null}},"14":{"start":{"line":95,"column":0},"end":{"line":95,"column":null}},"15":{"start":{"line":97,"column":0},"end":{"line":97,"column":null}},"16":{"start":{"line":98,"column":0},"end":{"line":98,"column":null}},"17":{"start":{"line":99,"column":0},"end":{"line":99,"column":null}},"18":{"start":{"line":102,"column":0},"end":{"line":102,"column":null}},"19":{"start":{"line":103,"column":0},"end":{"line":109,"column":null}},"20":{"start":{"line":104,"column":0},"end":{"line":104,"column":null}},"21":{"start":{"line":105,"column":0},"end":{"line":105,"column":null}},"22":{"start":{"line":106,"column":0},"end":{"line":109,"column":null}},"23":{"start":{"line":107,"column":0},"end":{"line":107,"column":null}},"24":{"start":{"line":108,"column":0},"end":{"line":108,"column":null}},"25":{"start":{"line":113,"column":0},"end":{"line":113,"column":null}},"26":{"start":{"line":114,"column":0},"end":{"line":120,"column":null}},"27":{"start":{"line":115,"column":0},"end":{"line":115,"column":null}},"28":{"start":{"line":116,"column":0},"end":{"line":116,"column":null}},"29":{"start":{"line":117,"column":0},"end":{"line":120,"column":null}},"30":{"start":{"line":118,"column":0},"end":{"line":118,"column":null}},"31":{"start":{"line":119,"column":0},"end":{"line":119,"column":null}},"32":{"start":{"line":124,"column":0},"end":{"line":124,"column":null}},"33":{"start":{"line":129,"column":0},"end":{"line":129,"column":null}},"34":{"start":{"line":130,"column":0},"end":{"line":130,"column":null}},"35":{"start":{"line":133,"column":0},"end":{"line":133,"column":null}},"36":{"start":{"line":134,"column":0},"end":{"line":134,"column":null}},"37":{"start":{"line":137,"column":0},"end":{"line":137,"column":null}},"38":{"start":{"line":138,"column":0},"end":{"line":138,"column":null}},"39":{"start":{"line":141,"column":0},"end":{"line":141,"column":null}},"40":{"start":{"line":142,"column":0},"end":{"line":147,"column":null}},"41":{"start":{"line":143,"column":0},"end":{"line":143,"column":null}},"42":{"start":{"line":145,"column":0},"end":{"line":145,"column":null}},"43":{"start":{"line":146,"column":0},"end":{"line":146,"column":null}},"44":{"start":{"line":150,"column":0},"end":{"line":150,"column":null}},"45":{"start":{"line":151,"column":0},"end":{"line":151,"column":null}},"46":{"start":{"line":154,"column":0},"end":{"line":154,"column":null}},"47":{"start":{"line":155,"column":0},"end":{"line":160,"column":null}},"48":{"start":{"line":156,"column":0},"end":{"line":156,"column":null}},"49":{"start":{"line":158,"column":0},"end":{"line":158,"column":null}},"50":{"start":{"line":159,"column":0},"end":{"line":159,"column":null}},"51":{"start":{"line":165,"column":0},"end":{"line":165,"column":null}},"52":{"start":{"line":168,"column":0},"end":{"line":168,"column":null}}},"fnMap":{"0":{"name":"(anonymous_1)","decl":{"start":{"line":60,"column":0},"end":{"line":60,"column":null}},"loc":{"start":{"line":60,"column":0},"end":{"line":73,"column":null}}},"1":{"name":"(anonymous_2)","decl":{"start":{"line":75,"column":0},"end":{"line":75,"column":null}},"loc":{"start":{"line":75,"column":0},"end":{"line":100,"column":null}}},"2":{"name":"(anonymous_3)","decl":{"start":{"line":101,"column":0},"end":{"line":101,"column":null}},"loc":{"start":{"line":101,"column":0},"end":{"line":110,"column":null}}},"3":{"name":"(anonymous_4)","decl":{"start":{"line":112,"column":0},"end":{"line":112,"column":null}},"loc":{"start":{"line":112,"column":0},"end":{"line":121,"column":null}}},"4":{"name":"(anonymous_5)","decl":{"start":{"line":123,"column":0},"end":{"line":123,"column":null}},"loc":{"start":{"line":123,"column":0},"end":{"line":125,"column":null}}},"5":{"name":"(anonymous_6)","decl":{"start":{"line":128,"column":0},"end":{"line":128,"column":null}},"loc":{"start":{"line":128,"column":0},"end":{"line":131,"column":null}}},"6":{"name":"(anonymous_7)","decl":{"start":{"line":132,"column":0},"end":{"line":132,"column":null}},"loc":{"start":{"line":132,"column":0},"end":{"line":135,"column":null}}},"7":{"name":"(anonymous_8)","decl":{"start":{"line":136,"column":0},"end":{"line":136,"column":null}},"loc":{"start":{"line":136,"column":0},"end":{"line":139,"column":null}}},"8":{"name":"(anonymous_9)","decl":{"start":{"line":140,"column":0},"end":{"line":140,"column":null}},"loc":{"start":{"line":140,"column":0},"end":{"line":148,"column":null}}},"9":{"name":"(anonymous_10)","decl":{"start":{"line":149,"column":0},"end":{"line":149,"column":null}},"loc":{"start":{"line":149,"column":0},"end":{"line":152,"column":null}}},"10":{"name":"(anonymous_11)","decl":{"start":{"line":153,"column":0},"end":{"line":153,"column":null}},"loc":{"start":{"line":153,"column":0},"end":{"line":161,"column":null}}},"11":{"name":"(anonymous_12)","decl":{"start":{"line":164,"column":0},"end":{"line":164,"column":null}},"loc":{"start":{"line":164,"column":0},"end":{"line":166,"column":null}}},"12":{"name":"(anonymous_13)","decl":{"start":{"line":167,"column":0},"end":{"line":167,"column":null}},"loc":{"start":{"line":167,"column":0},"end":{"line":169,"column":null}}}},"branchMap":{"0":{"loc":{"start":{"line":75,"column":0},"end":{"line":75,"column":null}},"type":"default-arg","locations":[{"start":{"line":75,"column":0},"end":{"line":75,"column":null}}]},"1":{"loc":{"start":{"line":78,"column":0},"end":{"line":80,"column":null}},"type":"switch","locations":[{"start":{"line":78,"column":0},"end":{"line":80,"column":null}},{"start":{"line":81,"column":0},"end":{"line":83,"column":null}},{"start":{"line":84,"column":0},"end":{"line":86,"column":null}},{"start":{"line":87,"column":0},"end":{"line":89,"column":null}},{"start":{"line":90,"column":0},"end":{"line":92,"column":null}},{"start":{"line":93,"column":0},"end":{"line":95,"column":null}}]},"2":{"loc":{"start":{"line":103,"column":0},"end":{"line":109,"column":null}},"type":"if","locations":[{"start":{"line":103,"column":0},"end":{"line":109,"column":null}},{"start":{"line":103,"column":0},"end":{"line":109,"column":null}}]},"3":{"loc":{"start":{"line":106,"column":0},"end":{"line":109,"column":null}},"type":"if","locations":[{"start":{"line":106,"column":0},"end":{"line":109,"column":null}},{"start":{"line":106,"column":0},"end":{"line":109,"column":null}}]},"4":{"loc":{"start":{"line":114,"column":0},"end":{"line":120,"column":null}},"type":"if","locations":[{"start":{"line":114,"column":0},"end":{"line":120,"column":null}},{"start":{"line":114,"column":0},"end":{"line":120,"column":null}}]},"5":{"loc":{"start":{"line":117,"column":0},"end":{"line":120,"column":null}},"type":"if","locations":[{"start":{"line":117,"column":0},"end":{"line":120,"column":null}},{"start":{"line":117,"column":0},"end":{"line":120,"column":null}}]},"6":{"loc":{"start":{"line":124,"column":0},"end":{"line":124,"column":null}},"type":"cond-expr","locations":[{"start":{"line":124,"column":0},"end":{"line":124,"column":null}},{"start":{"line":124,"column":0},"end":{"line":124,"column":null}}]},"7":{"loc":{"start":{"line":142,"column":0},"end":{"line":147,"column":null}},"type":"if","locations":[{"start":{"line":142,"column":0},"end":{"line":147,"column":null}},{"start":{"line":142,"column":0},"end":{"line":147,"column":null}}]},"8":{"loc":{"start":{"line":155,"column":0},"end":{"line":160,"column":null}},"type":"if","locations":[{"start":{"line":155,"column":0},"end":{"line":160,"column":null}},{"start":{"line":155,"column":0},"end":{"line":160,"column":null}}]}},"s":{"0":14,"1":8,"2":8,"3":1,"4":1,"5":1,"6":1,"7":1,"8":1,"9":2,"10":2,"11":1,"12":1,"13":2,"14":2,"15":8,"16":8,"17":8,"18":2,"19":2,"20":1,"21":1,"22":1,"23":1,"24":1,"25":2,"26":2,"27":1,"28":1,"29":1,"30":1,"31":1,"32":68,"33":1,"34":1,"35":1,"36":1,"37":1,"38":1,"39":2,"40":2,"41":1,"42":1,"43":1,"44":1,"45":1,"46":2,"47":2,"48":1,"49":1,"50":1,"51":6,"52":6},"f":{"0":14,"1":8,"2":2,"3":2,"4":68,"5":1,"6":1,"7":1,"8":2,"9":1,"10":2,"11":6,"12":6},"b":{"0":[0],"1":[1,1,1,2,1,2],"2":[1,1],"3":[1,0],"4":[1,1],"5":[1,0],"6":[40,28],"7":[1,1],"8":[1,1]}}
}
