TN:
SF:.eslintrc.js
FNF:0
FNH:0
DA:1,0
LF:1
LH:0
BRDA:14,0,0,0
BRDA:14,0,1,0
BRDA:15,1,0,0
BRDA:15,1,1,0
BRF:4
BRH:0
end_of_record
TN:
SF:babel.config.js
FNF:0
FNH:0
DA:1,0
LF:1
LH:0
BRF:0
BRH:0
end_of_record
TN:
SF:src\App.vue
FNF:0
FNH:0
DA:13,0
DA:14,0
LF:2
LH:0
BRF:0
BRH:0
end_of_record
TN:
SF:src\main.js
FN:7,(anonymous_0)
FNF:1
FNH:0
FNDA:0,(anonymous_0)
DA:4,0
DA:6,0
DA:7,0
LF:3
LH:0
BRF:0
BRH:0
end_of_record
TN:
SF:src\components\Calculator.vue
FN:60,(anonymous_1)
FN:75,(anonymous_2)
FN:101,(anonymous_3)
FN:112,(anonymous_4)
FN:123,(anonymous_5)
FN:128,(anonymous_6)
FN:132,(anonymous_7)
FN:136,(anonymous_8)
FN:140,(anonymous_9)
FN:149,(anonymous_10)
FN:153,(anonymous_11)
FN:164,(anonymous_12)
FN:167,(anonymous_13)
FNF:13
FNH:13
FNDA:14,(anonymous_1)
FNDA:8,(anonymous_2)
FNDA:2,(anonymous_3)
FNDA:2,(anonymous_4)
FNDA:68,(anonymous_5)
FNDA:1,(anonymous_6)
FNDA:1,(anonymous_7)
FNDA:1,(anonymous_8)
FNDA:2,(anonymous_9)
FNDA:1,(anonymous_10)
FNDA:2,(anonymous_11)
FNDA:6,(anonymous_12)
FNDA:6,(anonymous_13)
DA:61,14
DA:76,8
DA:77,8
DA:79,1
DA:80,1
DA:82,1
DA:83,1
DA:85,1
DA:86,1
DA:88,2
DA:89,2
DA:91,1
DA:92,1
DA:94,2
DA:95,2
DA:97,8
DA:98,8
DA:99,8
DA:102,2
DA:103,2
DA:104,1
DA:105,1
DA:106,1
DA:107,1
DA:108,1
DA:113,2
DA:114,2
DA:115,1
DA:116,1
DA:117,1
DA:118,1
DA:119,1
DA:124,68
DA:129,1
DA:130,1
DA:133,1
DA:134,1
DA:137,1
DA:138,1
DA:141,2
DA:142,2
DA:143,1
DA:145,1
DA:146,1
DA:150,1
DA:151,1
DA:154,2
DA:155,2
DA:156,1
DA:158,1
DA:159,1
DA:165,6
DA:168,6
LF:53
LH:53
BRDA:75,0,0,0
BRDA:78,1,0,1
BRDA:78,1,1,1
BRDA:78,1,2,1
BRDA:78,1,3,2
BRDA:78,1,4,1
BRDA:78,1,5,2
BRDA:103,2,0,1
BRDA:103,2,1,1
BRDA:106,3,0,1
BRDA:106,3,1,0
BRDA:114,4,0,1
BRDA:114,4,1,1
BRDA:117,5,0,1
BRDA:117,5,1,0
BRDA:124,6,0,40
BRDA:124,6,1,28
BRDA:142,7,0,1
BRDA:142,7,1,1
BRDA:155,8,0,1
BRDA:155,8,1,1
BRF:21
BRH:18
end_of_record
